<?xml version="1.0" encoding="UTF-8"?>
<testsuites>
  <testsuite name="Phing Batchtest" tests="171" assertions="528" failures="0" errors="0" time="79.405445">
    <testsuite name="PearPackageTest" file="/home/druid/dev/phing/trunk/test/classes/phing/tasks/PearPackageTest.php" fullPackage="phing.tasks.system" package="phing.tasks.system" tests="1" assertions="1" failures="0" errors="0" time="5.208290">
      <testcase name="testRoleSet" class="PearPackageTest" file="/home/druid/dev/phing/trunk/test/classes/phing/tasks/PearPackageTest.php" line="47" assertions="1" time="5.208290"/>
    </testsuite>
    <testsuite name="EqualsConditionTest" file="/home/druid/dev/phing/trunk/test/classes/phing/tasks/condition/EqualsConditionTest.php" fullPackage="phing.tasks.system.condition" package="phing.tasks.system.condition" tests="2" assertions="5" failures="0" errors="0" time="0.002109">
      <testcase name="testTrim" class="EqualsConditionTest" file="/home/druid/dev/phing/trunk/test/classes/phing/tasks/condition/EqualsConditionTest.php" line="36" assertions="3" time="0.001124"/>
      <testcase name="testCaseSensitive" class="EqualsConditionTest" file="/home/druid/dev/phing/trunk/test/classes/phing/tasks/condition/EqualsConditionTest.php" line="49" assertions="2" time="0.000985"/>
    </testsuite>
    <testsuite name="ContainsConditionTest" file="/home/druid/dev/phing/trunk/test/classes/phing/tasks/condition/ContainsConditionTest.php" fullPackage="phing.tasks.system.condition" package="phing.tasks.system.condition" tests="1" assertions="2" failures="0" errors="0" time="0.001046">
      <testcase name="testCaseSensitive" class="ContainsConditionTest" file="/home/druid/dev/phing/trunk/test/classes/phing/tasks/condition/ContainsConditionTest.php" line="36" assertions="2" time="0.001046"/>
    </testsuite>
    <testsuite name="DbDeployTaskTest" file="/home/druid/dev/phing/trunk/test/classes/phing/tasks/ext/DbDeployTaskTest.php" fullPackage="phing.tasks.ext" package="phing.tasks.ext" tests="1" assertions="2" failures="0" errors="0" time="0.085079">
      <testcase name="testDeployAndUndo" class="DbDeployTaskTest" file="/home/druid/dev/phing/trunk/test/classes/phing/tasks/ext/DbDeployTaskTest.php" line="37" assertions="2" time="0.085079"/>
    </testsuite>
    <testsuite name="FileHashTaskTest" file="/home/druid/dev/phing/trunk/test/classes/phing/tasks/ext/FileHashTaskTest.php" fullPackage="phing.tasks.ext" package="phing.tasks.ext" tests="2" assertions="2" failures="0" errors="0" time="0.045842">
      <testcase name="testMD5" class="FileHashTaskTest" file="/home/druid/dev/phing/trunk/test/classes/phing/tasks/ext/FileHashTaskTest.php" line="35" assertions="1" time="0.023436"/>
      <testcase name="testSHA1" class="FileHashTaskTest" file="/home/druid/dev/phing/trunk/test/classes/phing/tasks/ext/FileHashTaskTest.php" line="39" assertions="1" time="0.022406"/>
    </testsuite>
    <testsuite name="GitTagTaskTest" file="/home/druid/dev/phing/trunk/test/classes/phing/tasks/ext/GitTasks/GitTagTaskTest.php" fullPackage="phing.tasks.ext" package="phing.tasks.ext" tests="15" assertions="47" failures="0" errors="0" time="9.316548">
      <testcase name="testGitTagCreate" class="GitTagTaskTest" file="/home/druid/dev/phing/trunk/test/classes/phing/tasks/ext/GitTasks/GitTagTaskTest.php" line="51" assertions="1" time="0.768652"/>
      <testcase name="testGitTagReplaceCreateDuplicate" class="GitTagTaskTest" file="/home/druid/dev/phing/trunk/test/classes/phing/tasks/ext/GitTasks/GitTagTaskTest.php" line="57" assertions="3" time="0.960298"/>
      <testcase name="testGitTagForceCreateDuplicate" class="GitTagTaskTest" file="/home/druid/dev/phing/trunk/test/classes/phing/tasks/ext/GitTasks/GitTagTaskTest.php" line="65" assertions="3" time="0.658781"/>
      <testcase name="testGitTagCreateDuplicate" class="GitTagTaskTest" file="/home/druid/dev/phing/trunk/test/classes/phing/tasks/ext/GitTasks/GitTagTaskTest.php" line="73" assertions="1" time="0.554248"/>
      <testcase name="testTagCreateAnnotatedNoMessage" class="GitTagTaskTest" file="/home/druid/dev/phing/trunk/test/classes/phing/tasks/ext/GitTasks/GitTagTaskTest.php" line="80" assertions="1" time="0.583546"/>
      <testcase name="testTagCreateAnnotated" class="GitTagTaskTest" file="/home/druid/dev/phing/trunk/test/classes/phing/tasks/ext/GitTasks/GitTagTaskTest.php" line="87" assertions="3" time="0.600098"/>
      <testcase name="testTagCreateAnnotatedImplicit" class="GitTagTaskTest" file="/home/druid/dev/phing/trunk/test/classes/phing/tasks/ext/GitTasks/GitTagTaskTest.php" line="95" assertions="3" time="0.910798"/>
      <testcase name="testTagDelete" class="GitTagTaskTest" file="/home/druid/dev/phing/trunk/test/classes/phing/tasks/ext/GitTasks/GitTagTaskTest.php" line="103" assertions="7" time="0.626567"/>
      <testcase name="testTagListByPattern" class="GitTagTaskTest" file="/home/druid/dev/phing/trunk/test/classes/phing/tasks/ext/GitTasks/GitTagTaskTest.php" line="115" assertions="5" time="0.655332"/>
      <testcase name="testTagOutputPropertySet" class="GitTagTaskTest" file="/home/druid/dev/phing/trunk/test/classes/phing/tasks/ext/GitTasks/GitTagTaskTest.php" line="125" assertions="6" time="0.627740"/>
      <testcase name="testTagWithCommitSet" class="GitTagTaskTest" file="/home/druid/dev/phing/trunk/test/classes/phing/tasks/ext/GitTasks/GitTagTaskTest.php" line="136" assertions="6" time="0.632772"/>
      <testcase name="testTagWithObjectSet" class="GitTagTaskTest" file="/home/druid/dev/phing/trunk/test/classes/phing/tasks/ext/GitTasks/GitTagTaskTest.php" line="147" assertions="6" time="0.697627"/>
      <testcase name="testTagCreateSignedDefaultKey" class="GitTagTaskTest" file="/home/druid/dev/phing/trunk/test/classes/phing/tasks/ext/GitTasks/GitTagTaskTest.php" line="158" assertions="0" time="0.042325"/>
      <testcase name="testTagFileSet" class="GitTagTaskTest" file="/home/druid/dev/phing/trunk/test/classes/phing/tasks/ext/GitTasks/GitTagTaskTest.php" line="167" assertions="1" time="0.956677"/>
      <testcase name="testNoRepositorySpecified" class="GitTagTaskTest" file="/home/druid/dev/phing/trunk/test/classes/phing/tasks/ext/GitTasks/GitTagTaskTest.php" line="180" assertions="1" time="0.041087"/>
    </testsuite>
    <testsuite name="GitLogTaskTest" file="/home/druid/dev/phing/trunk/test/classes/phing/tasks/ext/GitTasks/GitLogTaskTest.php" fullPackage="phing.tasks.ext" package="phing.tasks.ext" tests="15" assertions="240" failures="0" errors="0" time="10.135221">
      <testcase name="testGitLogWithoutParams" class="GitLogTaskTest" file="/home/druid/dev/phing/trunk/test/classes/phing/tasks/ext/GitTasks/GitLogTaskTest.php" line="121" assertions="26" time="0.679452"/>
      <testcase name="testGitWithMostParams" class="GitLogTaskTest" file="/home/druid/dev/phing/trunk/test/classes/phing/tasks/ext/GitTasks/GitLogTaskTest.php" line="135" assertions="13" time="0.547683"/>
      <testcase name="testGitOutputPropertySet" class="GitLogTaskTest" file="/home/druid/dev/phing/trunk/test/classes/phing/tasks/ext/GitTasks/GitLogTaskTest.php" line="155" assertions="1" time="0.668918"/>
      <testcase name="testGitLogNameStatus" class="GitLogTaskTest" file="/home/druid/dev/phing/trunk/test/classes/phing/tasks/ext/GitTasks/GitLogTaskTest.php" line="161" assertions="5" time="0.563754"/>
      <testcase name="testGitDateRelative" class="GitLogTaskTest" file="/home/druid/dev/phing/trunk/test/classes/phing/tasks/ext/GitTasks/GitLogTaskTest.php" line="171" assertions="6" time="0.875612"/>
      <testcase name="testGitSinceUntilSet" class="GitLogTaskTest" file="/home/druid/dev/phing/trunk/test/classes/phing/tasks/ext/GitTasks/GitLogTaskTest.php" line="180" assertions="6" time="1.131043"/>
      <testcase name="testGitBeforeAfterSet" class="GitLogTaskTest" file="/home/druid/dev/phing/trunk/test/classes/phing/tasks/ext/GitTasks/GitLogTaskTest.php" line="191" assertions="6" time="1.211189"/>
      <testcase name="testGitFormatOneLine" class="GitLogTaskTest" file="/home/druid/dev/phing/trunk/test/classes/phing/tasks/ext/GitTasks/GitLogTaskTest.php" line="202" assertions="24" time="0.641027"/>
      <testcase name="testGitFormatShort" class="GitLogTaskTest" file="/home/druid/dev/phing/trunk/test/classes/phing/tasks/ext/GitTasks/GitLogTaskTest.php" line="213" assertions="24" time="0.598826"/>
      <testcase name="testGitFormatMedium" class="GitLogTaskTest" file="/home/druid/dev/phing/trunk/test/classes/phing/tasks/ext/GitTasks/GitLogTaskTest.php" line="224" assertions="26" time="0.680248"/>
      <testcase name="testGitFormatFull" class="GitLogTaskTest" file="/home/druid/dev/phing/trunk/test/classes/phing/tasks/ext/GitTasks/GitLogTaskTest.php" line="238" assertions="32" time="0.763437"/>
      <testcase name="testGitFormatFuller" class="GitLogTaskTest" file="/home/druid/dev/phing/trunk/test/classes/phing/tasks/ext/GitTasks/GitLogTaskTest.php" line="253" assertions="38" time="0.672127"/>
      <testcase name="testGitFormatEmail" class="GitLogTaskTest" file="/home/druid/dev/phing/trunk/test/classes/phing/tasks/ext/GitTasks/GitLogTaskTest.php" line="269" assertions="26" time="0.539170"/>
      <testcase name="testGitFormatCustom" class="GitLogTaskTest" file="/home/druid/dev/phing/trunk/test/classes/phing/tasks/ext/GitTasks/GitLogTaskTest.php" line="283" assertions="6" time="0.531713"/>
      <testcase name="testNoRepositorySpecified" class="GitLogTaskTest" file="/home/druid/dev/phing/trunk/test/classes/phing/tasks/ext/GitTasks/GitLogTaskTest.php" line="294" assertions="1" time="0.031022"/>
    </testsuite>
    <testsuite name="GitCheckoutTaskTest" file="/home/druid/dev/phing/trunk/test/classes/phing/tasks/ext/GitTasks/GitCheckoutTaskTest.php" fullPackage="phing.tasks.ext" package="phing.tasks.ext" tests="8" assertions="15" failures="0" errors="0" time="3.607458">
      <testcase name="testCheckoutExistingBranch" class="GitCheckoutTaskTest" file="/home/druid/dev/phing/trunk/test/classes/phing/tasks/ext/GitTasks/GitCheckoutTaskTest.php" line="51" assertions="3" time="0.654507"/>
      <testcase name="testCheckoutNonExistingBranch" class="GitCheckoutTaskTest" file="/home/druid/dev/phing/trunk/test/classes/phing/tasks/ext/GitTasks/GitCheckoutTaskTest.php" line="63" assertions="1" time="0.559936"/>
      <testcase name="testNoRepositorySpecified" class="GitCheckoutTaskTest" file="/home/druid/dev/phing/trunk/test/classes/phing/tasks/ext/GitTasks/GitCheckoutTaskTest.php" line="70" assertions="1" time="0.027764"/>
      <testcase name="testNoBranchnameSpecified" class="GitCheckoutTaskTest" file="/home/druid/dev/phing/trunk/test/classes/phing/tasks/ext/GitTasks/GitCheckoutTaskTest.php" line="77" assertions="1" time="0.026344"/>
      <testcase name="testCheckoutMerge" class="GitCheckoutTaskTest" file="/home/druid/dev/phing/trunk/test/classes/phing/tasks/ext/GitTasks/GitCheckoutTaskTest.php" line="84" assertions="3" time="0.580241"/>
      <testcase name="testCheckoutCreateBranch" class="GitCheckoutTaskTest" file="/home/druid/dev/phing/trunk/test/classes/phing/tasks/ext/GitTasks/GitCheckoutTaskTest.php" line="93" assertions="3" time="0.548993"/>
      <testcase name="testForceCheckoutCreateBranch" class="GitCheckoutTaskTest" file="/home/druid/dev/phing/trunk/test/classes/phing/tasks/ext/GitTasks/GitCheckoutTaskTest.php" line="102" assertions="2" time="0.609513"/>
      <testcase name="testForceCheckoutCreateBranchFailed" class="GitCheckoutTaskTest" file="/home/druid/dev/phing/trunk/test/classes/phing/tasks/ext/GitTasks/GitCheckoutTaskTest.php" line="110" assertions="1" time="0.600160"/>
    </testsuite>
    <testsuite name="GitBaseTest" file="/home/druid/dev/phing/trunk/test/classes/phing/tasks/ext/GitTasks/GitBaseTest.php" fullPackage="phing.tasks.ext" package="phing.tasks.ext" tests="3" assertions="6" failures="0" errors="0" time="0.042844">
      <testcase name="testInitialization" class="GitBaseTest" file="/home/druid/dev/phing/trunk/test/classes/phing/tasks/ext/GitTasks/GitBaseTest.php" line="40" assertions="2" time="0.017342"/>
      <testcase name="testArguments" class="GitBaseTest" file="/home/druid/dev/phing/trunk/test/classes/phing/tasks/ext/GitTasks/GitBaseTest.php" line="48" assertions="1" time="0.012809"/>
      <testcase name="testMutators" class="GitBaseTest" file="/home/druid/dev/phing/trunk/test/classes/phing/tasks/ext/GitTasks/GitBaseTest.php" line="51" assertions="3" time="0.012693"/>
    </testsuite>
    <testsuite name="GitFetchTaskTest" file="/home/druid/dev/phing/trunk/test/classes/phing/tasks/ext/GitTasks/GitFetchTaskTest.php" fullPackage="phing.tasks.ext" package="phing.tasks.ext" tests="5" assertions="9" failures="0" errors="0" time="2.373811">
      <testcase name="testAllParamsSet" class="GitFetchTaskTest" file="/home/druid/dev/phing/trunk/test/classes/phing/tasks/ext/GitTasks/GitFetchTaskTest.php" line="51" assertions="2" time="0.818268"/>
      <testcase name="testFetchAllRemotes" class="GitFetchTaskTest" file="/home/druid/dev/phing/trunk/test/classes/phing/tasks/ext/GitTasks/GitFetchTaskTest.php" line="59" assertions="2" time="0.759191"/>
      <testcase name="testNoRepositorySpecified" class="GitFetchTaskTest" file="/home/druid/dev/phing/trunk/test/classes/phing/tasks/ext/GitTasks/GitFetchTaskTest.php" line="67" assertions="1" time="0.025331"/>
      <testcase name="testNoTargetSpecified" class="GitFetchTaskTest" file="/home/druid/dev/phing/trunk/test/classes/phing/tasks/ext/GitTasks/GitFetchTaskTest.php" line="74" assertions="1" time="0.020358"/>
      <testcase name="testRefspecSet" class="GitFetchTaskTest" file="/home/druid/dev/phing/trunk/test/classes/phing/tasks/ext/GitTasks/GitFetchTaskTest.php" line="81" assertions="3" time="0.750663"/>
    </testsuite>
    <testsuite name="GitBranchTaskTest" file="/home/druid/dev/phing/trunk/test/classes/phing/tasks/ext/GitTasks/GitBranchTaskTest.php" fullPackage="phing.tasks.ext" package="phing.tasks.ext" tests="12" assertions="22" failures="0" errors="0" time="6.272787">
      <testcase name="testAllParamsSet" class="GitBranchTaskTest" file="/home/druid/dev/phing/trunk/test/classes/phing/tasks/ext/GitTasks/GitBranchTaskTest.php" line="51" assertions="1" time="0.586786"/>
      <testcase name="testNoRepositorySpecified" class="GitBranchTaskTest" file="/home/druid/dev/phing/trunk/test/classes/phing/tasks/ext/GitTasks/GitBranchTaskTest.php" line="58" assertions="1" time="0.032004"/>
      <testcase name="testNoBranchnameSpecified" class="GitBranchTaskTest" file="/home/druid/dev/phing/trunk/test/classes/phing/tasks/ext/GitTasks/GitBranchTaskTest.php" line="65" assertions="1" time="0.029399"/>
      <testcase name="testTrackParameter" class="GitBranchTaskTest" file="/home/druid/dev/phing/trunk/test/classes/phing/tasks/ext/GitTasks/GitBranchTaskTest.php" line="72" assertions="2" time="0.737021"/>
      <testcase name="testNoTrackParameter" class="GitBranchTaskTest" file="/home/druid/dev/phing/trunk/test/classes/phing/tasks/ext/GitTasks/GitBranchTaskTest.php" line="81" assertions="2" time="0.669470"/>
      <testcase name="testSetUpstreamParameter" class="GitBranchTaskTest" file="/home/druid/dev/phing/trunk/test/classes/phing/tasks/ext/GitTasks/GitBranchTaskTest.php" line="90" assertions="2" time="0.548948"/>
      <testcase name="testForceParameter" class="GitBranchTaskTest" file="/home/druid/dev/phing/trunk/test/classes/phing/tasks/ext/GitTasks/GitBranchTaskTest.php" line="99" assertions="2" time="0.643763"/>
      <testcase name="testDeleteBranch" class="GitBranchTaskTest" file="/home/druid/dev/phing/trunk/test/classes/phing/tasks/ext/GitTasks/GitBranchTaskTest.php" line="108" assertions="5" time="0.546386"/>
      <testcase name="testMoveBranch" class="GitBranchTaskTest" file="/home/druid/dev/phing/trunk/test/classes/phing/tasks/ext/GitTasks/GitBranchTaskTest.php" line="120" assertions="2" time="0.614833"/>
      <testcase name="testForceMoveBranch" class="GitBranchTaskTest" file="/home/druid/dev/phing/trunk/test/classes/phing/tasks/ext/GitTasks/GitBranchTaskTest.php" line="130" assertions="2" time="0.619906"/>
      <testcase name="testForceMoveBranchNoNewbranch" class="GitBranchTaskTest" file="/home/druid/dev/phing/trunk/test/classes/phing/tasks/ext/GitTasks/GitBranchTaskTest.php" line="140" assertions="1" time="0.561211"/>
      <testcase name="testMoveBranchNoNewbranch" class="GitBranchTaskTest" file="/home/druid/dev/phing/trunk/test/classes/phing/tasks/ext/GitTasks/GitBranchTaskTest.php" line="149" assertions="1" time="0.683060"/>
    </testsuite>
    <testsuite name="GitPushTaskTest" file="/home/druid/dev/phing/trunk/test/classes/phing/tasks/ext/GitTasks/GitPushTaskTest.php" fullPackage="phing.tasks.ext" package="phing.tasks.ext" tests="8" assertions="14" failures="0" errors="0" time="29.749772">
      <testcase name="testAllParamsSet" class="GitPushTaskTest" file="/home/druid/dev/phing/trunk/test/classes/phing/tasks/ext/GitTasks/GitPushTaskTest.php" line="51" assertions="2" time="4.641382"/>
      <testcase name="testAllReposSet" class="GitPushTaskTest" file="/home/druid/dev/phing/trunk/test/classes/phing/tasks/ext/GitTasks/GitPushTaskTest.php" line="59" assertions="2" time="4.231008"/>
      <testcase name="testTagsSet" class="GitPushTaskTest" file="/home/druid/dev/phing/trunk/test/classes/phing/tasks/ext/GitTasks/GitPushTaskTest.php" line="67" assertions="2" time="4.520692"/>
      <testcase name="testDeleteSet" class="GitPushTaskTest" file="/home/druid/dev/phing/trunk/test/classes/phing/tasks/ext/GitTasks/GitPushTaskTest.php" line="75" assertions="3" time="6.928104"/>
      <testcase name="testMirrorSet" class="GitPushTaskTest" file="/home/druid/dev/phing/trunk/test/classes/phing/tasks/ext/GitTasks/GitPushTaskTest.php" line="84" assertions="2" time="4.856447"/>
      <testcase name="testNoRepositorySpecified" class="GitPushTaskTest" file="/home/druid/dev/phing/trunk/test/classes/phing/tasks/ext/GitTasks/GitPushTaskTest.php" line="92" assertions="1" time="0.026610"/>
      <testcase name="testWrongRepo" class="GitPushTaskTest" file="/home/druid/dev/phing/trunk/test/classes/phing/tasks/ext/GitTasks/GitPushTaskTest.php" line="99" assertions="1" time="2.186581"/>
      <testcase name="testNoDestinationSpecified" class="GitPushTaskTest" file="/home/druid/dev/phing/trunk/test/classes/phing/tasks/ext/GitTasks/GitPushTaskTest.php" line="106" assertions="1" time="2.358948"/>
    </testsuite>
    <testsuite name="GitMergeTaskTest" file="/home/druid/dev/phing/trunk/test/classes/phing/tasks/ext/GitTasks/GitMergeTaskTest.php" fullPackage="phing.tasks.ext" package="phing.tasks.ext" tests="7" assertions="12" failures="0" errors="0" time="2.814257">
      <testcase name="testAllParamsSet" class="GitMergeTaskTest" file="/home/druid/dev/phing/trunk/test/classes/phing/tasks/ext/GitTasks/GitMergeTaskTest.php" line="51" assertions="2" time="0.545846"/>
      <testcase name="testNoCommitSet" class="GitMergeTaskTest" file="/home/druid/dev/phing/trunk/test/classes/phing/tasks/ext/GitTasks/GitMergeTaskTest.php" line="59" assertions="2" time="0.622544"/>
      <testcase name="testRemoteSet" class="GitMergeTaskTest" file="/home/druid/dev/phing/trunk/test/classes/phing/tasks/ext/GitTasks/GitMergeTaskTest.php" line="67" assertions="2" time="0.525883"/>
      <testcase name="testFastForwardCommitSet" class="GitMergeTaskTest" file="/home/druid/dev/phing/trunk/test/classes/phing/tasks/ext/GitTasks/GitMergeTaskTest.php" line="75" assertions="3" time="0.539188"/>
      <testcase name="testNoRepositorySpecified" class="GitMergeTaskTest" file="/home/druid/dev/phing/trunk/test/classes/phing/tasks/ext/GitTasks/GitMergeTaskTest.php" line="84" assertions="1" time="0.029687"/>
      <testcase name="testNoRemotesSpecified" class="GitMergeTaskTest" file="/home/druid/dev/phing/trunk/test/classes/phing/tasks/ext/GitTasks/GitMergeTaskTest.php" line="91" assertions="1" time="0.025756"/>
      <testcase name="testWrongStrategySet" class="GitMergeTaskTest" file="/home/druid/dev/phing/trunk/test/classes/phing/tasks/ext/GitTasks/GitMergeTaskTest.php" line="98" assertions="1" time="0.525353"/>
    </testsuite>
    <testsuite name="GitGcTaskTest" file="/home/druid/dev/phing/trunk/test/classes/phing/tasks/ext/GitTasks/GitGcTaskTest.php" fullPackage="phing.tasks.ext" package="phing.tasks.ext" tests="6" assertions="6" failures="0" errors="0" time="2.948746">
      <testcase name="testAllParamsSet" class="GitGcTaskTest" file="/home/druid/dev/phing/trunk/test/classes/phing/tasks/ext/GitTasks/GitGcTaskTest.php" line="51" assertions="1" time="0.531491"/>
      <testcase name="testNoRepositorySpecified" class="GitGcTaskTest" file="/home/druid/dev/phing/trunk/test/classes/phing/tasks/ext/GitTasks/GitGcTaskTest.php" line="58" assertions="1" time="0.024865"/>
      <testcase name="testAutoParameter" class="GitGcTaskTest" file="/home/druid/dev/phing/trunk/test/classes/phing/tasks/ext/GitTasks/GitGcTaskTest.php" line="65" assertions="1" time="0.624640"/>
      <testcase name="testNoPruneParameter" class="GitGcTaskTest" file="/home/druid/dev/phing/trunk/test/classes/phing/tasks/ext/GitTasks/GitGcTaskTest.php" line="74" assertions="1" time="0.610947"/>
      <testcase name="testAggressiveParameter" class="GitGcTaskTest" file="/home/druid/dev/phing/trunk/test/classes/phing/tasks/ext/GitTasks/GitGcTaskTest.php" line="83" assertions="1" time="0.581065"/>
      <testcase name="testPruneParameter" class="GitGcTaskTest" file="/home/druid/dev/phing/trunk/test/classes/phing/tasks/ext/GitTasks/GitGcTaskTest.php" line="92" assertions="1" time="0.575738"/>
    </testsuite>
    <testsuite name="GitInitTaskTest" file="/home/druid/dev/phing/trunk/test/classes/phing/tasks/ext/GitTasks/GitInitTaskTest.php" fullPackage="phing.tasks.ext" package="phing.tasks.ext" tests="4" assertions="11" failures="0" errors="0" time="0.090301">
      <testcase name="testWrongRepository" class="GitInitTaskTest" file="/home/druid/dev/phing/trunk/test/classes/phing/tasks/ext/GitTasks/GitInitTaskTest.php" line="46" assertions="1" time="0.019658"/>
      <testcase name="testGitInit" class="GitInitTaskTest" file="/home/druid/dev/phing/trunk/test/classes/phing/tasks/ext/GitTasks/GitInitTaskTest.php" line="53" assertions="3" time="0.024434"/>
      <testcase name="testGitInitBare" class="GitInitTaskTest" file="/home/druid/dev/phing/trunk/test/classes/phing/tasks/ext/GitTasks/GitInitTaskTest.php" line="64" assertions="6" time="0.028199"/>
      <testcase name="testNoRepositorySpecified" class="GitInitTaskTest" file="/home/druid/dev/phing/trunk/test/classes/phing/tasks/ext/GitTasks/GitInitTaskTest.php" line="77" assertions="1" time="0.018010"/>
    </testsuite>
    <testsuite name="GitPullTaskTest" file="/home/druid/dev/phing/trunk/test/classes/phing/tasks/ext/GitTasks/GitPullTaskTest.php" fullPackage="phing.tasks.ext" package="phing.tasks.ext" tests="9" assertions="8" failures="0" errors="0" time="3.177967">
      <testcase name="testAllParamsSet" class="GitPullTaskTest" file="/home/druid/dev/phing/trunk/test/classes/phing/tasks/ext/GitTasks/GitPullTaskTest.php" line="51" assertions="0" time="0.022357"/>
      <testcase name="testAllParamsSetRebase" class="GitPullTaskTest" file="/home/druid/dev/phing/trunk/test/classes/phing/tasks/ext/GitTasks/GitPullTaskTest.php" line="62" assertions="0" time="0.022158"/>
      <testcase name="testAllReposSet" class="GitPullTaskTest" file="/home/druid/dev/phing/trunk/test/classes/phing/tasks/ext/GitTasks/GitPullTaskTest.php" line="74" assertions="2" time="0.898944"/>
      <testcase name="testTagsSet" class="GitPullTaskTest" file="/home/druid/dev/phing/trunk/test/classes/phing/tasks/ext/GitTasks/GitPullTaskTest.php" line="82" assertions="0" time="0.025183"/>
      <testcase name="testAppendSet" class="GitPullTaskTest" file="/home/druid/dev/phing/trunk/test/classes/phing/tasks/ext/GitTasks/GitPullTaskTest.php" line="93" assertions="3" time="0.894206"/>
      <testcase name="testNoTagsSet" class="GitPullTaskTest" file="/home/druid/dev/phing/trunk/test/classes/phing/tasks/ext/GitTasks/GitPullTaskTest.php" line="102" assertions="0" time="0.026339"/>
      <testcase name="testNoRepositorySpecified" class="GitPullTaskTest" file="/home/druid/dev/phing/trunk/test/classes/phing/tasks/ext/GitTasks/GitPullTaskTest.php" line="113" assertions="1" time="0.023376"/>
      <testcase name="testNoSourceSpecified" class="GitPullTaskTest" file="/home/druid/dev/phing/trunk/test/classes/phing/tasks/ext/GitTasks/GitPullTaskTest.php" line="120" assertions="1" time="0.649483"/>
      <testcase name="testWrongStrategySet" class="GitPullTaskTest" file="/home/druid/dev/phing/trunk/test/classes/phing/tasks/ext/GitTasks/GitPullTaskTest.php" line="127" assertions="1" time="0.615921"/>
    </testsuite>
    <testsuite name="GitCloneTaskTest" file="/home/druid/dev/phing/trunk/test/classes/phing/tasks/ext/GitTasks/GitCloneTaskTest.php" fullPackage="phing.tasks.ext" package="phing.tasks.ext" tests="6" assertions="14" failures="0" errors="0" time="1.119048">
      <testcase name="testWrongRepository" class="GitCloneTaskTest" file="/home/druid/dev/phing/trunk/test/classes/phing/tasks/ext/GitTasks/GitCloneTaskTest.php" line="46" assertions="1" time="0.032889"/>
      <testcase name="testWrongTargetPath" class="GitCloneTaskTest" file="/home/druid/dev/phing/trunk/test/classes/phing/tasks/ext/GitTasks/GitCloneTaskTest.php" line="53" assertions="1" time="0.019702"/>
      <testcase name="testGitClone" class="GitCloneTaskTest" file="/home/druid/dev/phing/trunk/test/classes/phing/tasks/ext/GitTasks/GitCloneTaskTest.php" line="60" assertions="4" time="0.498018"/>
      <testcase name="testGitCloneBare" class="GitCloneTaskTest" file="/home/druid/dev/phing/trunk/test/classes/phing/tasks/ext/GitTasks/GitCloneTaskTest.php" line="73" assertions="6" time="0.525639"/>
      <testcase name="testNoRepositorySpecified" class="GitCloneTaskTest" file="/home/druid/dev/phing/trunk/test/classes/phing/tasks/ext/GitTasks/GitCloneTaskTest.php" line="86" assertions="1" time="0.023840"/>
      <testcase name="testNoTargetPathSpecified" class="GitCloneTaskTest" file="/home/druid/dev/phing/trunk/test/classes/phing/tasks/ext/GitTasks/GitCloneTaskTest.php" line="93" assertions="1" time="0.018960"/>
    </testsuite>
    <testsuite name="VersionTaskTest" file="/home/druid/dev/phing/trunk/test/classes/phing/tasks/ext/VersionTaskTest.php" fullPackage="phing.tasks.ext" package="phing.tasks.ext" tests="3" assertions="3" failures="0" errors="0" time="0.055601">
      <testcase name="testBugfix" class="VersionTaskTest" file="/home/druid/dev/phing/trunk/test/classes/phing/tasks/ext/VersionTaskTest.php" line="35" assertions="1" time="0.018943"/>
      <testcase name="testMinor" class="VersionTaskTest" file="/home/druid/dev/phing/trunk/test/classes/phing/tasks/ext/VersionTaskTest.php" line="39" assertions="1" time="0.018295"/>
      <testcase name="testMajor" class="VersionTaskTest" file="/home/druid/dev/phing/trunk/test/classes/phing/tasks/ext/VersionTaskTest.php" line="43" assertions="1" time="0.018363"/>
    </testsuite>
    <testsuite name="PropertyTaskTest" file="/home/druid/dev/phing/trunk/test/classes/phing/tasks/PropertyTaskTest.php" fullPackage="phing.tasks.system" package="phing.tasks.system" tests="6" assertions="7" failures="0" errors="0" time="0.128085">
      <testcase name="test1" class="PropertyTaskTest" file="/home/druid/dev/phing/trunk/test/classes/phing/tasks/PropertyTaskTest.php" line="37" assertions="2" time="0.016320"/>
      <testcase name="test2" class="PropertyTaskTest" file="/home/druid/dev/phing/trunk/test/classes/phing/tasks/PropertyTaskTest.php" line="42" assertions="1" time="0.042715"/>
      <testcase name="test3" class="PropertyTaskTest" file="/home/druid/dev/phing/trunk/test/classes/phing/tasks/PropertyTaskTest.php" line="46" assertions="1" time="0.017435"/>
      <testcase name="test4" class="PropertyTaskTest" file="/home/druid/dev/phing/trunk/test/classes/phing/tasks/PropertyTaskTest.php" line="57" assertions="1" time="0.017585"/>
      <testcase name="testPrefixSuccess" class="PropertyTaskTest" file="/home/druid/dev/phing/trunk/test/classes/phing/tasks/PropertyTaskTest.php" line="61" assertions="1" time="0.017084"/>
      <testcase name="testPrefixFailure" class="PropertyTaskTest" file="/home/druid/dev/phing/trunk/test/classes/phing/tasks/PropertyTaskTest.php" line="67" assertions="1" time="0.016946"/>
    </testsuite>
    <testsuite name="ImportTaskTest" file="/home/druid/dev/phing/trunk/test/classes/phing/tasks/ImportTaskTest.php" fullPackage="phing.tasks.system" package="phing.tasks.system" tests="5" assertions="10" failures="0" errors="0" time="0.117362">
      <testcase name="testOverloadedTarget" class="ImportTaskTest" file="/home/druid/dev/phing/trunk/test/classes/phing/tasks/ImportTaskTest.php" line="35" assertions="1" time="0.024062"/>
      <testcase name="testImportedTarget" class="ImportTaskTest" file="/home/druid/dev/phing/trunk/test/classes/phing/tasks/ImportTaskTest.php" line="42" assertions="2" time="0.023334"/>
      <testcase name="testImported2Target" class="ImportTaskTest" file="/home/druid/dev/phing/trunk/test/classes/phing/tasks/ImportTaskTest.php" line="51" assertions="1" time="0.022834"/>
      <testcase name="testCascadeTarget" class="ImportTaskTest" file="/home/druid/dev/phing/trunk/test/classes/phing/tasks/ImportTaskTest.php" line="58" assertions="3" time="0.023468"/>
      <testcase name="testFlipFlopTarget" class="ImportTaskTest" file="/home/druid/dev/phing/trunk/test/classes/phing/tasks/ImportTaskTest.php" line="68" assertions="3" time="0.023664"/>
    </testsuite>
    <testsuite name="TypedefTaskTest" file="/home/druid/dev/phing/trunk/test/classes/phing/tasks/TypedefTaskTest.php" fullPackage="phing.tasks.system" package="phing.tasks.system" tests="6" assertions="10" failures="0" errors="0" time="0.113672">
      <testcase name="testEmpty" class="TypedefTaskTest" file="/home/druid/dev/phing/trunk/test/classes/phing/tasks/TypedefTaskTest.php" line="36" assertions="1" time="0.019577"/>
      <testcase name="testNoName" class="TypedefTaskTest" file="/home/druid/dev/phing/trunk/test/classes/phing/tasks/TypedefTaskTest.php" line="40" assertions="1" time="0.018792"/>
      <testcase name="testNoClassname" class="TypedefTaskTest" file="/home/druid/dev/phing/trunk/test/classes/phing/tasks/TypedefTaskTest.php" line="44" assertions="1" time="0.018802"/>
      <testcase name="testClassNotFound" class="TypedefTaskTest" file="/home/druid/dev/phing/trunk/test/classes/phing/tasks/TypedefTaskTest.php" line="51" assertions="1" time="0.018960"/>
      <testcase name="testGlobal" class="TypedefTaskTest" file="/home/druid/dev/phing/trunk/test/classes/phing/tasks/TypedefTaskTest.php" line="60" assertions="3" time="0.018567"/>
      <testcase name="testLocal" class="TypedefTaskTest" file="/home/druid/dev/phing/trunk/test/classes/phing/tasks/TypedefTaskTest.php" line="68" assertions="3" time="0.018974"/>
    </testsuite>
    <testsuite name="TaskdefTaskTest" file="/home/druid/dev/phing/trunk/test/classes/phing/tasks/TaskdefTaskTest.php" fullPackage="phing.tasks.system" package="phing.tasks.system" tests="6" assertions="10" failures="0" errors="0" time="0.127518">
      <testcase name="testEmpty" class="TaskdefTaskTest" file="/home/druid/dev/phing/trunk/test/classes/phing/tasks/TaskdefTaskTest.php" line="34" assertions="1" time="0.022774"/>
      <testcase name="testNoName" class="TaskdefTaskTest" file="/home/druid/dev/phing/trunk/test/classes/phing/tasks/TaskdefTaskTest.php" line="38" assertions="1" time="0.021001"/>
      <testcase name="testNoClassname" class="TaskdefTaskTest" file="/home/druid/dev/phing/trunk/test/classes/phing/tasks/TaskdefTaskTest.php" line="42" assertions="1" time="0.020839"/>
      <testcase name="testClassNotFound" class="TaskdefTaskTest" file="/home/druid/dev/phing/trunk/test/classes/phing/tasks/TaskdefTaskTest.php" line="49" assertions="1" time="0.020971"/>
      <testcase name="testGlobal" class="TaskdefTaskTest" file="/home/druid/dev/phing/trunk/test/classes/phing/tasks/TaskdefTaskTest.php" line="57" assertions="3" time="0.020473"/>
      <testcase name="testLocal" class="TaskdefTaskTest" file="/home/druid/dev/phing/trunk/test/classes/phing/tasks/TaskdefTaskTest.php" line="65" assertions="3" time="0.021460"/>
    </testsuite>
    <testsuite name="UpToDateTaskTest" file="/home/druid/dev/phing/trunk/test/classes/phing/tasks/system/UpToDateTaskTest.php" fullPackage="phing.tasks.ext" package="phing.tasks.ext" tests="2" assertions="9" failures="0" errors="0" time="0.042842">
      <testcase name="testOverrideNoPropertySet" class="UpToDateTaskTest" file="/home/druid/dev/phing/trunk/test/classes/phing/tasks/system/UpToDateTaskTest.php" line="41" assertions="4" time="0.021992"/>
      <testcase name="testOverridePropertySet" class="UpToDateTaskTest" file="/home/druid/dev/phing/trunk/test/classes/phing/tasks/system/UpToDateTaskTest.php" line="53" assertions="5" time="0.020850"/>
    </testsuite>
    <testsuite name="LoadFileTaskTest" file="/home/druid/dev/phing/trunk/test/classes/phing/tasks/system/LoadFileTaskTest.php" fullPackage="phing.tasks.system" package="phing.tasks.system" tests="2" assertions="2" failures="0" errors="0" time="0.032664">
      <testcase name="testVersionPropertySet" class="LoadFileTaskTest" file="/home/druid/dev/phing/trunk/test/classes/phing/tasks/system/LoadFileTaskTest.php" line="39" assertions="1" time="0.016914"/>
      <testcase name="testFilterChain" class="LoadFileTaskTest" file="/home/druid/dev/phing/trunk/test/classes/phing/tasks/system/LoadFileTaskTest.php" line="45" assertions="1" time="0.015750"/>
    </testsuite>
    <testsuite name="PearPkg2CompatibilityTest" file="/home/druid/dev/phing/trunk/test/classes/phing/regression/PearPkg2CompatibilityTest.php" fullPackage="phing.regression" package="phing.regression" tests="3" assertions="3" failures="0" errors="0" time="0.214656">
      <testcase name="testInactiveMaintainers" class="PearPkg2CompatibilityTest" file="/home/druid/dev/phing/trunk/test/classes/phing/regression/PearPkg2CompatibilityTest.php" line="46" assertions="1" time="0.078914"/>
      <testcase name="testActiveMaintainers" class="PearPkg2CompatibilityTest" file="/home/druid/dev/phing/trunk/test/classes/phing/regression/PearPkg2CompatibilityTest.php" line="52" assertions="1" time="0.068085"/>
      <testcase name="testNotSetMaintainers" class="PearPkg2CompatibilityTest" file="/home/druid/dev/phing/trunk/test/classes/phing/regression/PearPkg2CompatibilityTest.php" line="58" assertions="1" time="0.067657"/>
    </testsuite>
    <testsuite name="PhpUnit34Test" file="/home/druid/dev/phing/trunk/test/classes/phing/regression/PhpUnit34Test.php" fullPackage="phing.regression" package="phing.regression" tests="1" assertions="2" failures="0" errors="0" time="0.168282">
      <testcase name="testPhingCallTask" class="PhpUnit34Test" file="/home/druid/dev/phing/trunk/test/classes/phing/regression/PhpUnit34Test.php" line="37" assertions="2" time="0.168282"/>
    </testsuite>
    <testsuite name="FilesetFoldersTest" file="/home/druid/dev/phing/trunk/test/classes/phing/regression/654/FilesetFoldersTest.php" fullPackage="phing.regression" package="phing.regression" tests="1" assertions="2" failures="0" errors="0" time="0.056090">
      <testcase name="testFilesetNotSelectingFolders" class="FilesetFoldersTest" file="/home/druid/dev/phing/trunk/test/classes/phing/regression/654/FilesetFoldersTest.php" line="37" assertions="2" time="0.056090"/>
    </testsuite>
    <testsuite name="PearStyleNamingTest" file="/home/druid/dev/phing/trunk/test/classes/phing/regression/PearStyleNamingTest.php" fullPackage="phing.regression" package="phing.regression" tests="1" assertions="1" failures="0" errors="0" time="0.014028">
      <testcase name="testPhingCallTask" class="PearStyleNamingTest" file="/home/druid/dev/phing/trunk/test/classes/phing/regression/PearStyleNamingTest.php" line="37" assertions="1" time="0.014028"/>
    </testsuite>
    <testsuite name="RecursivePropertyTest" file="/home/druid/dev/phing/trunk/test/classes/phing/regression/RecursivePropertyTest.php" fullPackage="phing.regression" package="phing.regression" tests="1" assertions="1" failures="0" errors="0" time="0.015955">
      <testcase name="testCopyTask" class="RecursivePropertyTest" file="/home/druid/dev/phing/trunk/test/classes/phing/regression/RecursivePropertyTest.php" line="42" assertions="1" time="0.015955"/>
    </testsuite>
    <testsuite name="MoveReplaceRegexpTest" file="/home/druid/dev/phing/trunk/test/classes/phing/regression/MoveReplaceRegexpTest.php" fullPackage="phing.regression" package="phing.regression" tests="1" assertions="1" failures="0" errors="0" time="0.021830">
      <testcase name="testPhingCallTask" class="MoveReplaceRegexpTest" file="/home/druid/dev/phing/trunk/test/classes/phing/regression/MoveReplaceRegexpTest.php" line="42" assertions="1" time="0.021830"/>
    </testsuite>
    <testsuite name="ExcludeZipTest" file="/home/druid/dev/phing/trunk/test/classes/phing/regression/ExcludeZipTest.php" fullPackage="phing.regression" package="phing.regression" tests="1" assertions="0" failures="0" errors="0" time="0.074165">
      <testcase name="testZipTask" class="ExcludeZipTest" file="/home/druid/dev/phing/trunk/test/classes/phing/regression/ExcludeZipTest.php" line="37" assertions="0" time="0.074165"/>
    </testsuite>
    <testsuite name="CustomTaskFileSetTest" file="/home/druid/dev/phing/trunk/test/classes/phing/regression/CustomTaskFileSetTest.php" fullPackage="phing.regression" package="phing.regression" tests="1" assertions="1" failures="0" errors="0" time="0.048801">
      <testcase name="testCustomTask" class="CustomTaskFileSetTest" file="/home/druid/dev/phing/trunk/test/classes/phing/regression/CustomTaskFileSetTest.php" line="37" assertions="1" time="0.048801"/>
    </testsuite>
    <testsuite name="HtmlEntitiesTest" file="/home/druid/dev/phing/trunk/test/classes/phing/regression/HtmlEntitiesTest.php" fullPackage="phing.regression" package="phing.regression" tests="1" assertions="1" failures="0" errors="0" time="0.020652">
      <testcase name="testCopyTask" class="HtmlEntitiesTest" file="/home/druid/dev/phing/trunk/test/classes/phing/regression/HtmlEntitiesTest.php" line="37" assertions="1" time="0.020652"/>
    </testsuite>
    <testsuite name="CopyMoveNoExceptionTest" file="/home/druid/dev/phing/trunk/test/classes/phing/regression/CopyMoveNoExceptionTest.php" fullPackage="phing.regression" package="phing.regression" tests="1" assertions="1" failures="0" errors="0" time="0.014557">
      <testcase name="testPhingCallTask" class="CopyMoveNoExceptionTest" file="/home/druid/dev/phing/trunk/test/classes/phing/regression/CopyMoveNoExceptionTest.php" line="37" assertions="1" time="0.014557"/>
    </testsuite>
    <testsuite name="PhpLintFlagTest" file="/home/druid/dev/phing/trunk/test/classes/phing/regression/590/PhpLintTest.php" fullPackage="phing.regression" package="phing.regression" tests="1" assertions="3" failures="0" errors="0" time="0.116130">
      <testcase name="testPhpLintTask" class="PhpLintFlagTest" file="/home/druid/dev/phing/trunk/test/classes/phing/regression/590/PhpLintTest.php" line="37" assertions="3" time="0.116130"/>
    </testsuite>
    <testsuite name="PropertyCommentsTest" file="/home/druid/dev/phing/trunk/test/classes/phing/regression/PropertyCommentsTest.php" fullPackage="phing.regression" package="phing.regression" tests="1" assertions="1" failures="0" errors="0" time="0.014232">
      <testcase name="testPhingCallTask" class="PropertyCommentsTest" file="/home/druid/dev/phing/trunk/test/classes/phing/regression/PropertyCommentsTest.php" line="37" assertions="1" time="0.014232"/>
    </testsuite>
    <testsuite name="AdhocTaskdefTaskTest" file="/home/druid/dev/phing/trunk/test/classes/phing/regression/610/AdhocTaskdefTaskTest.php" fullPackage="phing.regression" package="phing.regression" tests="1" assertions="1" failures="0" errors="0" time="0.017247">
      <testcase name="testPhingCallTask" class="AdhocTaskdefTaskTest" file="/home/druid/dev/phing/trunk/test/classes/phing/regression/610/AdhocTaskdefTaskTest.php" line="37" assertions="1" time="0.017247"/>
    </testsuite>
    <testsuite name="ForeachFileSetTest" file="/home/druid/dev/phing/trunk/test/classes/phing/regression/ForeachFileSetTest.php" fullPackage="phing.regression" package="phing.regression" tests="1" assertions="1" failures="0" errors="0" time="0.042554">
      <testcase name="testCustomTask" class="ForeachFileSetTest" file="/home/druid/dev/phing/trunk/test/classes/phing/regression/ForeachFileSetTest.php" line="37" assertions="1" time="0.042554"/>
    </testsuite>
    <testsuite name="CopyTaskFileListTest" file="/home/druid/dev/phing/trunk/test/classes/phing/regression/CopyTaskFileListTest.php" fullPackage="phing.regression" package="phing.regression" tests="1" assertions="1" failures="0" errors="0" time="0.024005">
      <testcase name="testCopyTask" class="CopyTaskFileListTest" file="/home/druid/dev/phing/trunk/test/classes/phing/regression/CopyTaskFileListTest.php" line="37" assertions="1" time="0.024005"/>
    </testsuite>
    <testsuite name="ReplaceTokenBooleanTest" file="/home/druid/dev/phing/trunk/test/classes/phing/regression/ReplaceTokenBooleanTest.php" fullPackage="phing.regression" package="phing.regression" tests="1" assertions="1" failures="0" errors="0" time="0.018512">
      <testcase name="testCustomTask" class="ReplaceTokenBooleanTest" file="/home/druid/dev/phing/trunk/test/classes/phing/regression/ReplaceTokenBooleanTest.php" line="37" assertions="1" time="0.018512"/>
    </testsuite>
    <testsuite name="PhingCallAdhocTest" file="/home/druid/dev/phing/trunk/test/classes/phing/regression/PhingCallAdhocTest.php" fullPackage="phing.regression" package="phing.regression" tests="1" assertions="1" failures="0" errors="0" time="0.031714">
      <testcase name="testPhingCallTask" class="PhingCallAdhocTest" file="/home/druid/dev/phing/trunk/test/classes/phing/regression/PhingCallAdhocTest.php" line="37" assertions="1" time="0.031714"/>
    </testsuite>
    <testsuite name="LineContainsTest" file="/home/druid/dev/phing/trunk/test/classes/phing/filters/LineContainsTest.php" fullPackage="phing.filters" package="phing.filters" tests="1" assertions="1" failures="0" errors="0" time="0.030414">
      <testcase name="testLineContains" class="LineContainsTest" file="/home/druid/dev/phing/trunk/test/classes/phing/filters/LineContainsTest.php" line="43" assertions="1" time="0.030414"/>
    </testsuite>
    <testsuite name="TargetTest" file="/home/druid/dev/phing/trunk/test/classes/phing/components/TargetTest.php" fullPackage="phing.system" package="phing.system" tests="1" assertions="2" failures="0" errors="0" time="0.166757">
      <testcase name="testHiddenTargets" class="TargetTest" file="/home/druid/dev/phing/trunk/test/classes/phing/components/TargetTest.php" line="38" assertions="2" time="0.166757"/>
    </testsuite>
    <testsuite name="IntrospectionHelperTest" file="/home/druid/dev/phing/trunk/test/classes/phing/IntrospectionHelperTest.php" fullPackage="phing" package="phing" tests="3" assertions="3" failures="0" errors="0" time="0.003967">
      <testcase name="testAddText" class="IntrospectionHelperTest" file="/home/druid/dev/phing/trunk/test/classes/phing/IntrospectionHelperTest.php" line="47" assertions="0" time="0.001531"/>
      <testcase name="testSupportsCharacters" class="IntrospectionHelperTest" file="/home/druid/dev/phing/trunk/test/classes/phing/IntrospectionHelperTest.php" line="59" assertions="2" time="0.000822"/>
      <testcase name="testElementCreators" class="IntrospectionHelperTest" file="/home/druid/dev/phing/trunk/test/classes/phing/IntrospectionHelperTest.php" line="66" assertions="1" time="0.001614"/>
    </testsuite>
    <testsuite name="MapperTest" file="/home/druid/dev/phing/trunk/test/classes/phing/types/MapperTest.php" fullPackage="phing.types" package="phing.types" tests="3" assertions="9" failures="0" errors="0" time="0.330815">
      <testcase name="testEmptyElementIfIsReference" class="MapperTest" file="/home/druid/dev/phing/trunk/test/classes/phing/types/MapperTest.php" line="45" assertions="4" time="0.001933"/>
      <testcase name="testCircularReferenceCheck" class="MapperTest" file="/home/druid/dev/phing/trunk/test/classes/phing/types/MapperTest.php" line="82" assertions="5" time="0.002566"/>
      <testcase name="testCopyTaskWithTwoFilesets" class="MapperTest" file="/home/druid/dev/phing/trunk/test/classes/phing/types/MapperTest.php" line="132" assertions="0" time="0.326316"/>
    </testsuite>
    <testsuite name="TaskdefForCopyTest" file="/home/druid/dev/phing/trunk/test/classes/phing/types/MapperTest.php" fullPackage="phing.mappers" package="phing.mappers" tests="1" assertions="0" failures="0" errors="0" time="0.339493">
      <testcase name="test1" class="TaskdefForCopyTest" file="/home/druid/dev/phing/trunk/test/classes/phing/types/MapperTest.php" line="160" assertions="0" time="0.339493"/>
    </testsuite>
    <testsuite name="FileSetTest" file="/home/druid/dev/phing/trunk/test/classes/phing/types/FileSetTest.php" fullPackage="phing.types" package="phing.types" tests="1" assertions="13" failures="0" errors="0" time="0.004512">
      <testcase name="testEmptyElementIfIsReference" class="FileSetTest" file="/home/druid/dev/phing/trunk/test/classes/phing/types/FileSetTest.php" line="49" assertions="13" time="0.004512"/>
    </testsuite>
    <testsuite name="CommandlineTest" file="/home/druid/dev/phing/trunk/test/classes/phing/types/CommandlineTest.php" fullPackage="phing.types" package="phing.types" tests="1" assertions="4" failures="0" errors="0" time="0.002061">
      <testcase name="testTranslateCommandline" class="CommandlineTest" file="/home/druid/dev/phing/trunk/test/classes/phing/types/CommandlineTest.php" line="45" assertions="4" time="0.002061"/>
    </testsuite>
    <testsuite name="FileOutputStreamTest" file="/home/druid/dev/phing/trunk/test/classes/phing/system/FileOutputStreamTest.php" fullPackage="phing.system" package="phing.system" tests="2" assertions="3" failures="0" errors="0" time="0.002382">
      <testcase name="testWrite" class="FileOutputStreamTest" file="/home/druid/dev/phing/trunk/test/classes/phing/system/FileOutputStreamTest.php" line="56" assertions="3" time="0.001269"/>
      <testcase name="testFlush" class="FileOutputStreamTest" file="/home/druid/dev/phing/trunk/test/classes/phing/system/FileOutputStreamTest.php" line="80" assertions="0" time="0.001113"/>
    </testsuite>
    <testsuite name="UnixFileSystemTest" file="/home/druid/dev/phing/trunk/test/classes/phing/system/io/UnixFileSystemTest.php" fullPackage="phing.system.io" package="phing.system.io" tests="1" assertions="1" failures="0" errors="0" time="0.000855">
      <testcase name="testCompare" class="UnixFileSystemTest" file="/home/druid/dev/phing/trunk/test/classes/phing/system/io/UnixFileSystemTest.php" line="47" assertions="1" time="0.000855"/>
    </testsuite>
    <testsuite name="RegisterSlotTest" file="/home/druid/dev/phing/trunk/test/classes/phing/system/util/RegisterSlotTest.php" fullPackage="phing.system.util" package="phing.system.util" tests="3" assertions="3" failures="0" errors="0" time="0.001908">
      <testcase name="testToString" class="RegisterSlotTest" file="/home/druid/dev/phing/trunk/test/classes/phing/system/util/RegisterSlotTest.php" line="45" assertions="1" time="0.000622"/>
      <testcase name="testArrayToString" class="RegisterSlotTest" file="/home/druid/dev/phing/trunk/test/classes/phing/system/util/RegisterSlotTest.php" line="52" assertions="1" time="0.000617"/>
      <testcase name="testMultiArrayToString" class="RegisterSlotTest" file="/home/druid/dev/phing/trunk/test/classes/phing/system/util/RegisterSlotTest.php" line="59" assertions="1" time="0.000669"/>
    </testsuite>
  </testsuite>
</testsuites>
